<?xml version="1.0" encoding="UTF-8"?>
<testng-results skipped="0" failed="0" ignored="0" total="1" passed="1">
  <reporter-output>
  </reporter-output>
  <suite name="Default suite" duration-ms="13707" started-at="2019-09-19T11:08:35Z" finished-at="2019-09-19T11:08:49Z">
    <groups>
    </groups>
    <test name="Default test" duration-ms="13707" started-at="2019-09-19T11:08:35Z" finished-at="2019-09-19T11:08:49Z">
      <class name="com.test.tabledemo">
        <test-method status="PASS" signature="f()[pri:0, instance:com.test.tabledemo@42d80b78]" name="f" duration-ms="13673" started-at="2019-09-19T11:08:35Z" finished-at="2019-09-19T11:08:49Z">
          <reporter-output>
          </reporter-output>
        </test-method> <!-- f -->
      </class> <!-- com.test.tabledemo -->
    </test> <!-- Default test -->
  </suite> <!-- Default suite -->
</testng-results>
